Unity Editor version:    2021.3.9f1 (ad3870b89536)
Branch:                  2021.3/staging
Build type:              Release
Batch mode:              YES
macOS version:           Version 11.2.1 (Build 20D74)
Darwin version:          20.3.0
Architecture:            x86_64
Running under Rosetta:   NO
Available memory:        16384 MB
Using pre-set license
Pro License: YES

COMMAND LINE ARGUMENTS:
/Users/game5-20/Desktop/2021.3.9f1/Unity.app/Contents/MacOS/Unity
-adb2
-batchMode
-noUpm
-name
AssetImportWorker2
-projectPath
/Users/game5-20/Desktop/2021.3.9f1/scream-or-escape
-logFile
Logs/AssetImportWorker2.log
-srvPort
57325
Successfully changed project path to: /Users/game5-20/Desktop/2021.3.9f1/scream-or-escape
/Users/game5-20/Desktop/2021.3.9f1/scream-or-escape
[UnityMemory] Configuration Parameters - Can be set up in boot.config
    "memorysetup-bucket-allocator-granularity=16"
    "memorysetup-bucket-allocator-bucket-count=8"
    "memorysetup-bucket-allocator-block-size=33554432"
    "memorysetup-bucket-allocator-block-count=8"
    "memorysetup-main-allocator-block-size=16777216"
    "memorysetup-thread-allocator-block-size=16777216"
    "memorysetup-gfx-main-allocator-block-size=16777216"
    "memorysetup-gfx-thread-allocator-block-size=16777216"
    "memorysetup-cache-allocator-block-size=4194304"
    "memorysetup-typetree-allocator-block-size=2097152"
    "memorysetup-profiler-bucket-allocator-granularity=16"
    "memorysetup-profiler-bucket-allocator-bucket-count=8"
    "memorysetup-profiler-bucket-allocator-block-size=33554432"
    "memorysetup-profiler-bucket-allocator-block-count=8"
    "memorysetup-profiler-allocator-block-size=16777216"
    "memorysetup-profiler-editor-allocator-block-size=1048576"
    "memorysetup-temp-allocator-size-main=16777216"
    "memorysetup-job-temp-allocator-block-size=2097152"
    "memorysetup-job-temp-allocator-block-size-background=1048576"
    "memorysetup-job-temp-allocator-reduction-small-platforms=262144"
    "memorysetup-temp-allocator-size-background-worker=32768"
    "memorysetup-temp-allocator-size-job-worker=262144"
    "memorysetup-temp-allocator-size-preload-manager=33554432"
    "memorysetup-temp-allocator-size-nav-mesh-worker=65536"
    "memorysetup-temp-allocator-size-audio-worker=65536"
    "memorysetup-temp-allocator-size-cloud-worker=32768"
    "memorysetup-temp-allocator-size-gi-baking-worker=262144"
    "memorysetup-temp-allocator-size-gfx=262144"
Refreshing native plugins compatible for Editor in 81.58 ms, found 2 plugins.
Preloading 0 native plugins for Editor in 0.00 ms.
Initialize engine version: 2021.3.9f1 (ad3870b89536)
[Subsystems] Discovering subsystems at path /Users/game5-20/Desktop/2021.3.9f1/Unity.app/Contents/Resources/UnitySubsystems
[Subsystems] Discovering subsystems at path /Users/game5-20/Desktop/2021.3.9f1/scream-or-escape/Assets
GfxDevice: creating device client; threaded=0; jobified=0
iMac preferred device: AMD Radeon Pro 5500 XT (high power)
Metal devices available: 1
0: AMD Radeon Pro 5500 XT (high power)
Using device AMD Radeon Pro 5500 XT (high power)
Initializing Metal device caps: AMD Radeon Pro 5500 XT
Initialize mono
Mono path[0] = '/Users/game5-20/Desktop/2021.3.9f1/Unity.app/Contents/Managed'
Mono path[1] = '/Users/game5-20/Desktop/2021.3.9f1/Unity.app/Contents/MonoBleedingEdge/lib/mono/unityjit-macos'
Mono config path = '/Users/game5-20/Desktop/2021.3.9f1/Unity.app/Contents/MonoBleedingEdge/etc'
Using monoOptions --debugger-agent=transport=dt_socket,embedding=1,server=y,suspend=n,address=127.0.0.1:56966
Begin MonoManager ReloadAssembly
Registering precompiled unity dll's ...
Register platform support module: /Users/game5-20/Desktop/2021.3.9f1/Unity.app/Contents/PlaybackEngines/MacStandaloneSupport/UnityEditor.OSXStandalone.Extensions.dll
Registered in 0.001100 seconds.
Native extension for OSXStandalone target not found
Refreshing native plugins compatible for Editor in 77.28 ms, found 2 plugins.
Preloading 0 native plugins for Editor in 0.00 ms.
Mono: successfully reloaded assembly
- Completed reload, in  0.667 seconds
Domain Reload Profiling:
	ReloadAssembly (667ms)
		BeginReloadAssembly (59ms)
			ExecutionOrderSort (0ms)
			DisableScriptedObjects (0ms)
			BackupInstance (0ms)
			ReleaseScriptingObjects (0ms)
			CreateAndSetChildDomain (1ms)
		EndReloadAssembly (491ms)
			LoadAssemblies (59ms)
			RebuildTransferFunctionScriptingTraits (0ms)
			SetupTypeCache (145ms)
			ReleaseScriptCaches (0ms)
			RebuildScriptCaches (31ms)
			SetupLoadedEditorAssemblies (268ms)
				LogAssemblyErrors (0ms)
				InitializePlatformSupportModulesInManaged (6ms)
				SetLoadedEditorAssemblies (0ms)
				RefreshPlugins (77ms)
				BeforeProcessingInitializeOnLoad (1ms)
				ProcessInitializeOnLoadAttributes (140ms)
				ProcessInitializeOnLoadMethodAttributes (43ms)
				AfterProcessingInitializeOnLoad (0ms)
				EditorAssembliesLoaded (0ms)
			ExecutionOrderSort2 (0ms)
			AwakeInstancesAfterBackupRestoration (0ms)
Platform modules already initialized, skipping
Registering precompiled user dll's ...
Registered in 0.002527 seconds.
Begin MonoManager ReloadAssembly
Symbol file LoadedFromMemory doesn't match image /Users/game5-20/Desktop/2021.3.9f1/scream-or-escape/Library/PackageCache/com.unity.visualscripting@1.7.8/Editor/VisualScripting.Core/Dependencies/YamlDotNet/Unity.VisualScripting.YamlDotNet.dll
Symbol file LoadedFromMemory doesn't match image /Users/game5-20/Desktop/2021.3.9f1/scream-or-escape/Library/PackageCache/com.unity.visualscripting@1.7.8/Editor/VisualScripting.Core/Dependencies/DotNetZip/Unity.VisualScripting.IonicZip.dll
Native extension for OSXStandalone target not found
Refreshing native plugins compatible for Editor in 0.57 ms, found 2 plugins.
Preloading 0 native plugins for Editor in 0.00 ms.
Mono: successfully reloaded assembly
- Completed reload, in  1.032 seconds
Domain Reload Profiling:
	ReloadAssembly (1033ms)
		BeginReloadAssembly (100ms)
			ExecutionOrderSort (0ms)
			DisableScriptedObjects (6ms)
			BackupInstance (0ms)
			ReleaseScriptingObjects (0ms)
			CreateAndSetChildDomain (25ms)
		EndReloadAssembly (815ms)
			LoadAssemblies (68ms)
			RebuildTransferFunctionScriptingTraits (0ms)
			SetupTypeCache (296ms)
			ReleaseScriptCaches (1ms)
			RebuildScriptCaches (56ms)
			SetupLoadedEditorAssemblies (354ms)
				LogAssemblyErrors (0ms)
				InitializePlatformSupportModulesInManaged (4ms)
				SetLoadedEditorAssemblies (0ms)
				RefreshPlugins (1ms)
				BeforeProcessingInitializeOnLoad (75ms)
				ProcessInitializeOnLoadAttributes (246ms)
				ProcessInitializeOnLoadMethodAttributes (27ms)
				AfterProcessingInitializeOnLoad (1ms)
				EditorAssembliesLoaded (0ms)
			ExecutionOrderSort2 (0ms)
			AwakeInstancesAfterBackupRestoration (4ms)
Platform modules already initialized, skipping
========================================================================
Worker process is ready to serve import requests
Launching external process: /Users/game5-20/Desktop/2021.3.9f1/Unity.app/Contents/Tools/UnityShaderCompiler
Launched and connected shader compiler UnityShaderCompiler after 0.01 seconds
Refreshing native plugins compatible for Editor in 0.60 ms, found 2 plugins.
Preloading 0 native plugins for Editor in 0.00 ms.
Unloading 3819 Unused Serialized files (Serialized files now loaded: 0)
Unloading 30 unused Assets / (172.2 KB). Loaded Objects now: 4290.
Memory consumption went from 269.2 MB to 269.0 MB.
Total: 3.193386 ms (FindLiveObjects: 0.293619 ms CreateObjectMapping: 0.273007 ms MarkObjects: 2.465858 ms  DeleteObjects: 0.160182 ms)

AssetImportParameters requested are different than current active one (requested -> active):
  custom:video-decoder-ogg-theora: a1e56fd34408186e4bbccfd4996cb3dc -> 
  custom:container-muxer-webm: aa71ff27fc2769a1b78a27578f13a17b -> 
  custom:container-demuxer-webm: 4f35f7cbe854078d1ac9338744f61a02 -> 
  custom:video-encoder-webm-vp8: eb34c28f22e8b96e1ab97ce403110664 -> 
  custom:framework-osx-AVFoundation: e770b220cccbd017edd2c1fefb359320 -> 
  custom:audio-encoder-webm-vorbis: bf7c407c2cedff20999df2af8eb42d56 -> 
  custom:container-demuxer-ogg: 62fdf1f143b41e24485cea50d1cbac27 -> 
  custom:video-decoder-webm-vp8: 9c59270c3fd7afecdb556c50c9e8de78 -> 
  custom:audio-decoder-ogg-vorbis: bf7c407c2cedff20999df2af8eb42d56 -> 
========================================================================
Received Import Request.
  Time since last request: 683843.882133 seconds.
  path: Packages/com.unity.probuilder/Content/Icons/Toolbar/Bezier_Aligned.png
  artifactKey: Guid(bf4846dc2a1a844a29268dbc71f1c454) Importer(815301076,1909f56bfc062723c751e8b465ee728b)
Start importing Packages/com.unity.probuilder/Content/Icons/Toolbar/Bezier_Aligned.png using Guid(bf4846dc2a1a844a29268dbc71f1c454) Importer(815301076,1909f56bfc062723c751e8b465ee728b)  -> (artifact id: 'ff4ef152832329f0b85bbfaa4b0bb409') in 0.552235 seconds 
========================================================================
Received Import Request.
  Time since last request: 67.372374 seconds.
  path: Assets/Materials Folder/Wooden Floor.mat
  artifactKey: Guid(18efee119064c476d9345667bc04421f) Importer(815301076,1909f56bfc062723c751e8b465ee728b)
Start importing Assets/Materials Folder/Wooden Floor.mat using Guid(18efee119064c476d9345667bc04421f) Importer(815301076,1909f56bfc062723c751e8b465ee728b)  -> (artifact id: '7e70ae7cae02ae7e2b22cf90e2c358b8') in 0.602822 seconds 
========================================================================
Received Import Request.
  Time since last request: 30.113397 seconds.
  path: Packages/com.unity.probuilder/Content/Icons/Tools/ShapeTool/on/Arch@2x.png
  artifactKey: Guid(83a22ff5d6dac6a42bee117814bdd982) Importer(815301076,1909f56bfc062723c751e8b465ee728b)
Start importing Packages/com.unity.probuilder/Content/Icons/Tools/ShapeTool/on/Arch@2x.png using Guid(83a22ff5d6dac6a42bee117814bdd982) Importer(815301076,1909f56bfc062723c751e8b465ee728b)  -> (artifact id: 'e44a60b445b06474baeb782e82ffb85c') in 0.007364 seconds 
========================================================================
Received Import Request.
  Time since last request: 1.380006 seconds.
  path: Packages/com.unity.probuilder/Content/Icons/Toolbar/Button_Hover.png
  artifactKey: Guid(46d3dcf42ff5c4ccf805503767dae289) Importer(815301076,1909f56bfc062723c751e8b465ee728b)
Start importing Packages/com.unity.probuilder/Content/Icons/Toolbar/Button_Hover.png using Guid(46d3dcf42ff5c4ccf805503767dae289) Importer(815301076,1909f56bfc062723c751e8b465ee728b)  -> (artifact id: '6455325da781b400520da7a3c28db4b0') in 0.007230 seconds 
========================================================================
Received Import Request.
  Time since last request: 0.000046 seconds.
  path: Packages/com.unity.probuilder/Content/Icons/Toolbar/Button_Normal.png
  artifactKey: Guid(5c266eda6963f4b088cb4e69c9892a28) Importer(815301076,1909f56bfc062723c751e8b465ee728b)
Start importing Packages/com.unity.probuilder/Content/Icons/Toolbar/Button_Normal.png using Guid(5c266eda6963f4b088cb4e69c9892a28) Importer(815301076,1909f56bfc062723c751e8b465ee728b)  -> (artifact id: '4628ef5b304eea656dfb0c4b2ab78d04') in 0.007170 seconds 
========================================================================
Received Import Request.
  Time since last request: 0.014077 seconds.
  path: Packages/com.unity.probuilder/Content/Icons/Toolbar/Button_Pressed.png
  artifactKey: Guid(7fd132649d558432ba3da6dacc873882) Importer(815301076,1909f56bfc062723c751e8b465ee728b)
Start importing Packages/com.unity.probuilder/Content/Icons/Toolbar/Button_Pressed.png using Guid(7fd132649d558432ba3da6dacc873882) Importer(815301076,1909f56bfc062723c751e8b465ee728b)  -> (artifact id: '8d0433a59c471d5927a21d0c28dd1cb2') in 0.008085 seconds 
========================================================================
Received Import Request.
  Time since last request: 0.020776 seconds.
  path: Packages/com.unity.probuilder/Content/Icons/UVEditor/camera-64x64.png
  artifactKey: Guid(90f8fdd975ce6b74f9ff13d9672b45eb) Importer(815301076,1909f56bfc062723c751e8b465ee728b)
Start importing Packages/com.unity.probuilder/Content/Icons/UVEditor/camera-64x64.png using Guid(90f8fdd975ce6b74f9ff13d9672b45eb) Importer(815301076,1909f56bfc062723c751e8b465ee728b)  -> (artifact id: 'a760f2f0f60a65c9d1bd218fc7a2a723') in 0.007674 seconds 
========================================================================
Received Import Request.
  Time since last request: 0.012719 seconds.
  path: Packages/com.unity.probuilder/Content/Icons/Tools/ShapeTool/Capsule.png
  artifactKey: Guid(fb63a06c07bc813469fd253c3b48b93c) Importer(815301076,1909f56bfc062723c751e8b465ee728b)
Start importing Packages/com.unity.probuilder/Content/Icons/Tools/ShapeTool/Capsule.png using Guid(fb63a06c07bc813469fd253c3b48b93c) Importer(815301076,1909f56bfc062723c751e8b465ee728b)  -> (artifact id: '3fd7dbea76ea3d3f58dc0902ee026fa7') in 0.006347 seconds 
========================================================================
Received Import Request.
  Time since last request: 0.000046 seconds.
  path: Packages/com.unity.probuilder/Content/Icons/Tools/ShapeTool/on/Capsule@2x.png
  artifactKey: Guid(5af947f581d956541823b7c50a3c54fd) Importer(815301076,1909f56bfc062723c751e8b465ee728b)
Start importing Packages/com.unity.probuilder/Content/Icons/Tools/ShapeTool/on/Capsule@2x.png using Guid(5af947f581d956541823b7c50a3c54fd) Importer(815301076,1909f56bfc062723c751e8b465ee728b)  -> (artifact id: '4ab4025e009c18d0931a036780868a41') in 0.006890 seconds 
========================================================================
Received Import Request.
  Time since last request: 0.010141 seconds.
  path: Packages/com.unity.probuilder/Content/Icons/Tools/ShapeTool/Capsule@2x_Light.png
  artifactKey: Guid(f61b79a28586a4e4a8e9ecf76632a32f) Importer(815301076,1909f56bfc062723c751e8b465ee728b)
Start importing Packages/com.unity.probuilder/Content/Icons/Tools/ShapeTool/Capsule@2x_Light.png using Guid(f61b79a28586a4e4a8e9ecf76632a32f) Importer(815301076,1909f56bfc062723c751e8b465ee728b)  -> (artifact id: 'c137ba0a6785723cf7494f5e1d2cd81a') in 0.006347 seconds 
========================================================================
Received Import Request.
  Time since last request: 0.071592 seconds.
  path: Packages/com.unity.probuilder/Content/Icons/Toolbar/Background/Circle-22px_Hover.png
  artifactKey: Guid(72e91a236e4c6407ea89236b576032a5) Importer(815301076,1909f56bfc062723c751e8b465ee728b)
Start importing Packages/com.unity.probuilder/Content/Icons/Toolbar/Background/Circle-22px_Hover.png using Guid(72e91a236e4c6407ea89236b576032a5) Importer(815301076,1909f56bfc062723c751e8b465ee728b)  -> (artifact id: '77636e61a6e1fb6766982635df110c78') in 0.009123 seconds 
========================================================================
Received Import Request.
  Time since last request: 0.000048 seconds.
  path: Packages/com.unity.probuilder/Content/Icons/Toolbar/Background/Circle-22px_Normal_Light.png
  artifactKey: Guid(6abea02926aae664b81d90bcfae924c9) Importer(815301076,1909f56bfc062723c751e8b465ee728b)
Start importing Packages/com.unity.probuilder/Content/Icons/Toolbar/Background/Circle-22px_Normal_Light.png using Guid(6abea02926aae664b81d90bcfae924c9) Importer(815301076,1909f56bfc062723c751e8b465ee728b)  -> (artifact id: '3ffe426d3ea7525211b7cc22cbbc44af') in 0.007817 seconds 
========================================================================
Received Import Request.
  Time since last request: 0.000048 seconds.
  path: Packages/com.unity.probuilder/Content/Icons/Toolbar/Background/Circle-22px_Pressed_Light.png
  artifactKey: Guid(c8faeb7c7f067c34fbb5fe21fcf640c1) Importer(815301076,1909f56bfc062723c751e8b465ee728b)
Start importing Packages/com.unity.probuilder/Content/Icons/Toolbar/Background/Circle-22px_Pressed_Light.png using Guid(c8faeb7c7f067c34fbb5fe21fcf640c1) Importer(815301076,1909f56bfc062723c751e8b465ee728b)  -> (artifact id: 'e1f7ee590402b52f87093e1ec58b111d') in 0.006366 seconds 
========================================================================
Received Import Request.
  Time since last request: 1.125906 seconds.
  path: Packages/com.unity.probuilder/Content/Icons/Tools/ShapeTool/Cone.png
  artifactKey: Guid(274355f8343c4ee429e0769f4e784abe) Importer(815301076,1909f56bfc062723c751e8b465ee728b)
Start importing Packages/com.unity.probuilder/Content/Icons/Tools/ShapeTool/Cone.png using Guid(274355f8343c4ee429e0769f4e784abe) Importer(815301076,1909f56bfc062723c751e8b465ee728b)  -> (artifact id: '52fbb84c1b5e79a06b67612e68c78e92') in 0.007236 seconds 
========================================================================
Received Import Request.
  Time since last request: 0.018722 seconds.
  path: Packages/com.unity.probuilder/Content/Icons/Tools/ShapeTool/on/Cone.png
  artifactKey: Guid(5e6c3838482c594459dfd8d888e214b8) Importer(815301076,1909f56bfc062723c751e8b465ee728b)
Start importing Packages/com.unity.probuilder/Content/Icons/Tools/ShapeTool/on/Cone.png using Guid(5e6c3838482c594459dfd8d888e214b8) Importer(815301076,1909f56bfc062723c751e8b465ee728b)  -> (artifact id: '6f36807b9b3f1d817e0c0aa26b40a9e2') in 0.006602 seconds 
========================================================================
Received Import Request.
  Time since last request: 0.000057 seconds.
  path: Packages/com.unity.probuilder/Content/Icons/Tools/ShapeTool/Cone@2x.png
  artifactKey: Guid(a9f7cfa92f92706438588856ddafc70b) Importer(815301076,1909f56bfc062723c751e8b465ee728b)
Start importing Packages/com.unity.probuilder/Content/Icons/Tools/ShapeTool/Cone@2x.png using Guid(a9f7cfa92f92706438588856ddafc70b) Importer(815301076,1909f56bfc062723c751e8b465ee728b)  -> (artifact id: '965d91e76a0e8fbb9f1986fbb2490714') in 0.007910 seconds 
========================================================================
Received Import Request.
  Time since last request: 0.033162 seconds.
  path: Packages/com.unity.probuilder/Content/Icons/Tools/ShapeTool/Cone_Light.png
  artifactKey: Guid(2a4c9a999e17f49419ee044c20080eab) Importer(815301076,1909f56bfc062723c751e8b465ee728b)
Start importing Packages/com.unity.probuilder/Content/Icons/Tools/ShapeTool/Cone_Light.png using Guid(2a4c9a999e17f49419ee044c20080eab) Importer(815301076,1909f56bfc062723c751e8b465ee728b)  -> (artifact id: '2eef76ab6b5e87e3e9197bca869a7464') in 0.007303 seconds 
========================================================================
Received Import Request.
  Time since last request: 0.010541 seconds.
  path: Packages/com.unity.probuilder/Content/Icons/Tools/PolyShape/CreatePolyShape.png
  artifactKey: Guid(8bd070aa359d6af4c89a14ee46ff84e9) Importer(815301076,1909f56bfc062723c751e8b465ee728b)
Start importing Packages/com.unity.probuilder/Content/Icons/Tools/PolyShape/CreatePolyShape.png using Guid(8bd070aa359d6af4c89a14ee46ff84e9) Importer(815301076,1909f56bfc062723c751e8b465ee728b)  -> (artifact id: '380d87434f11fdb2d7e6c47fb136f84f') in 0.007367 seconds 
========================================================================
Received Import Request.
  Time since last request: 0.000057 seconds.
  path: Packages/com.unity.probuilder/Content/Icons/Tools/PolyShape/CreatePolyShape@2x_Light.png
  artifactKey: Guid(9d1acbdbdd4de564fb375510cdbdd02a) Importer(815301076,1909f56bfc062723c751e8b465ee728b)
Start importing Packages/com.unity.probuilder/Content/Icons/Tools/PolyShape/CreatePolyShape@2x_Light.png using Guid(9d1acbdbdd4de564fb375510cdbdd02a) Importer(815301076,1909f56bfc062723c751e8b465ee728b)  -> (artifact id: 'c6727d85e84938ad630b407797908940') in 0.006277 seconds 
========================================================================
Received Import Request.
  Time since last request: 0.010723 seconds.
  path: Packages/com.unity.probuilder/Content/Icons/Tools/PolyShape/CreatePolyShape@2x_Over.png
  artifactKey: Guid(8bdcc0da5efabc84497e9731ac643873) Importer(815301076,1909f56bfc062723c751e8b465ee728b)
Start importing Packages/com.unity.probuilder/Content/Icons/Tools/PolyShape/CreatePolyShape@2x_Over.png using Guid(8bdcc0da5efabc84497e9731ac643873) Importer(815301076,1909f56bfc062723c751e8b465ee728b)  -> (artifact id: 'b7273c0619f2cfdff4d9588b70303876') in 0.009718 seconds 
========================================================================
Received Import Request.
  Time since last request: 0.000060 seconds.
  path: Packages/com.unity.probuilder/Content/Icons/Tools/ShapeTool/Cube@2x.png
  artifactKey: Guid(bb9671d6267e3e344915d8ec1a48c043) Importer(815301076,1909f56bfc062723c751e8b465ee728b)
Start importing Packages/com.unity.probuilder/Content/Icons/Tools/ShapeTool/Cube@2x.png using Guid(bb9671d6267e3e344915d8ec1a48c043) Importer(815301076,1909f56bfc062723c751e8b465ee728b)  -> (artifact id: '1b23322b55e596885f336711bd53d98e') in 0.008559 seconds 
========================================================================
Received Import Request.
  Time since last request: 0.000046 seconds.
  path: Packages/com.unity.probuilder/Content/Icons/Tools/ShapeTool/on/Cube@2x.png
  artifactKey: Guid(c7e3a2b043c8a6b44bd8465e00e4baff) Importer(815301076,1909f56bfc062723c751e8b465ee728b)
Start importing Packages/com.unity.probuilder/Content/Icons/Tools/ShapeTool/on/Cube@2x.png using Guid(c7e3a2b043c8a6b44bd8465e00e4baff) Importer(815301076,1909f56bfc062723c751e8b465ee728b)  -> (artifact id: '5d0e202f7d24d2793a4cce631204e841') in 0.007472 seconds 
========================================================================
Received Import Request.
  Time since last request: 0.000053 seconds.
  path: Packages/com.unity.probuilder/Content/Icons/Tools/ShapeTool/Cube@2x_Light.png
  artifactKey: Guid(600565ccff86b4848a776b21335d2cfd) Importer(815301076,1909f56bfc062723c751e8b465ee728b)
Start importing Packages/com.unity.probuilder/Content/Icons/Tools/ShapeTool/Cube@2x_Light.png using Guid(600565ccff86b4848a776b21335d2cfd) Importer(815301076,1909f56bfc062723c751e8b465ee728b)  -> (artifact id: 'b127f8a33e26fe5f7f6965e93eea7768') in 0.010158 seconds 
========================================================================
Received Import Request.
  Time since last request: 0.000076 seconds.
  path: Packages/com.unity.probuilder/Content/Icons/Tools/ShapeTool/Cube_Light.png
  artifactKey: Guid(a04de6eb317108740b40bea1d8261764) Importer(815301076,1909f56bfc062723c751e8b465ee728b)
Start importing Packages/com.unity.probuilder/Content/Icons/Tools/ShapeTool/Cube_Light.png using Guid(a04de6eb317108740b40bea1d8261764) Importer(815301076,1909f56bfc062723c751e8b465ee728b)  -> (artifact id: '9750efae28c5a0fa19412107ce757fd0') in 0.008837 seconds 
========================================================================
Received Import Request.
  Time since last request: 0.000048 seconds.
  path: Packages/com.unity.probuilder/Content/Icons/Tools/ShapeTool/on/Cylinder.png
  artifactKey: Guid(0db1554f068669b47aa0e2ed02610e1f) Importer(815301076,1909f56bfc062723c751e8b465ee728b)
Start importing Packages/com.unity.probuilder/Content/Icons/Tools/ShapeTool/on/Cylinder.png using Guid(0db1554f068669b47aa0e2ed02610e1f) Importer(815301076,1909f56bfc062723c751e8b465ee728b)  -> (artifact id: 'a3e4462a9a3cdec42003e7b731e83f16') in 0.008237 seconds 
========================================================================
Received Import Request.
  Time since last request: 0.000046 seconds.
  path: Packages/com.unity.probuilder/Content/Icons/Tools/ShapeTool/Cylinder.png
  artifactKey: Guid(10b59816a62c39342bd420ba001aad43) Importer(815301076,1909f56bfc062723c751e8b465ee728b)
Start importing Packages/com.unity.probuilder/Content/Icons/Tools/ShapeTool/Cylinder.png using Guid(10b59816a62c39342bd420ba001aad43) Importer(815301076,1909f56bfc062723c751e8b465ee728b)  -> (artifact id: '8f9f35bb452654477b1f68c49735d5be') in 0.008035 seconds 
========================================================================
Received Import Request.
  Time since last request: 0.000070 seconds.
  path: Packages/com.unity.probuilder/Content/Icons/Toolbar/CutTool_disabled.png
  artifactKey: Guid(57f92aae46391dc48b04291f4ef8e465) Importer(815301076,1909f56bfc062723c751e8b465ee728b)
Start importing Packages/com.unity.probuilder/Content/Icons/Toolbar/CutTool_disabled.png using Guid(57f92aae46391dc48b04291f4ef8e465) Importer(815301076,1909f56bfc062723c751e8b465ee728b)  -> (artifact id: '67aae12debc240988645c446cedc2545') in 0.008570 seconds 
========================================================================
Received Import Request.
  Time since last request: 0.485268 seconds.
  path: Packages/com.unity.probuilder/Content/Icons/Tools/ShapeTool/on/Cylinder@2x.png
  artifactKey: Guid(3611cb5bea2b4d9488737fa791c48a5c) Importer(815301076,1909f56bfc062723c751e8b465ee728b)
Start importing Packages/com.unity.probuilder/Content/Icons/Tools/ShapeTool/on/Cylinder@2x.png using Guid(3611cb5bea2b4d9488737fa791c48a5c) Importer(815301076,1909f56bfc062723c751e8b465ee728b)  -> (artifact id: '273438d07a796fc7e437793f429338d5') in 0.006260 seconds 
========================================================================
Received Import Request.
  Time since last request: 0.000052 seconds.
  path: Packages/com.unity.probuilder/Content/Icons/Tools/ShapeTool/Cylinder_Light.png
  artifactKey: Guid(9fa686fb5b7cb7848984241b0b21cc3d) Importer(815301076,1909f56bfc062723c751e8b465ee728b)
Start importing Packages/com.unity.probuilder/Content/Icons/Tools/ShapeTool/Cylinder_Light.png using Guid(9fa686fb5b7cb7848984241b0b21cc3d) Importer(815301076,1909f56bfc062723c751e8b465ee728b)  -> (artifact id: 'f08f8689a90ffd606737975ff24f820a') in 0.007299 seconds 
========================================================================
Received Import Request.
  Time since last request: 5.463766 seconds.
  path: Packages/com.unity.timeline/Editor/StyleSheets/Images/Icons/d_TimelineHeaderMarkerIcon.png
  artifactKey: Guid(4f8d98ef7dbbe3d469e14c04722cbeed) Importer(815301076,1909f56bfc062723c751e8b465ee728b)
Start importing Packages/com.unity.timeline/Editor/StyleSheets/Images/Icons/d_TimelineHeaderMarkerIcon.png using Guid(4f8d98ef7dbbe3d469e14c04722cbeed) Importer(815301076,1909f56bfc062723c751e8b465ee728b)  -> (artifact id: 'f96f55067cc8d47fabba7481a853845c') in 0.006171 seconds 
========================================================================
Received Import Request.
  Time since last request: 0.026496 seconds.
  path: Packages/com.unity.timeline/Editor/StyleSheets/Images/Icons/d_TimelineSelector.png
  artifactKey: Guid(06bf6150656339941aa98e175a995445) Importer(815301076,1909f56bfc062723c751e8b465ee728b)
Start importing Packages/com.unity.timeline/Editor/StyleSheets/Images/Icons/d_TimelineSelector.png using Guid(06bf6150656339941aa98e175a995445) Importer(815301076,1909f56bfc062723c751e8b465ee728b)  -> (artifact id: '45dcf7694789ba1f7168e89a2afa38f5') in 0.008357 seconds 
========================================================================
Received Import Request.
  Time since last request: 0.599074 seconds.
  path: Packages/com.unity.probuilder/Content/Icons/Tools/ShapeTool/Door@2x.png
  artifactKey: Guid(0dc0c708f5d18c845b2c60321e211f3f) Importer(815301076,1909f56bfc062723c751e8b465ee728b)
Start importing Packages/com.unity.probuilder/Content/Icons/Tools/ShapeTool/Door@2x.png using Guid(0dc0c708f5d18c845b2c60321e211f3f) Importer(815301076,1909f56bfc062723c751e8b465ee728b)  -> (artifact id: 'bb132d2b9b86eabe9c9113313a435547') in 0.008399 seconds 
========================================================================
Received Import Request.
  Time since last request: 0.032003 seconds.
  path: Packages/com.unity.probuilder/Content/Icons/Toolbar/Edge_Bridge.png
  artifactKey: Guid(249ff8f97942f46bf9c03f603e87df35) Importer(815301076,1909f56bfc062723c751e8b465ee728b)
Start importing Packages/com.unity.probuilder/Content/Icons/Toolbar/Edge_Bridge.png using Guid(249ff8f97942f46bf9c03f603e87df35) Importer(815301076,1909f56bfc062723c751e8b465ee728b)  -> (artifact id: '6caa8361098d6e9e237c5fcb1634d90d') in 0.009478 seconds 
========================================================================
Received Import Request.
  Time since last request: 0.374743 seconds.
  path: Packages/com.unity.probuilder/Content/Icons/Toolbar/Edge_Extrude.png
  artifactKey: Guid(17ca372dc70ce445795e5327fd14617d) Importer(815301076,1909f56bfc062723c751e8b465ee728b)
Start importing Packages/com.unity.probuilder/Content/Icons/Toolbar/Edge_Extrude.png using Guid(17ca372dc70ce445795e5327fd14617d) Importer(815301076,1909f56bfc062723c751e8b465ee728b)  -> (artifact id: '9a295c351217679c97a7c7165b9cf846') in 0.007932 seconds 
Editor requested this worker to shutdown with reason: Scaling down because of idle timeout
AssetImportWorker is now disconnected from the server
Process exiting
